<?xml version="1.0" encoding="UTF-8"?>
<!-- Generated by org.testng.reporters.JUnitReportReporter -->
<testsuite hostname="DESKTOP-25U3KEB" failures="0" tests="1" name="testcases.BankManagerLoginTest" time="4.374" errors="0" timestamp="05 Dec 2020 17:33:11 GMT" skipped="0">
  <testcase classname="testcases.BankManagerLoginTest" name="bnkMngrloginTest" time="4.374"/>
</testsuite> <!-- testcases.BankManagerLoginTest -->
