<?xml version="1.0" encoding="UTF-8"?>
<!-- Generated by org.testng.reporters.JUnitReportReporter -->
<testsuite hostname="DESKTOP-25U3KEB" failures="0" tests="1" name="testcases.AddCustomerTest" time="4.727" errors="0" timestamp="05 Dec 2020 18:02:43 GMT" skipped="0">
  <testcase classname="testcases.AddCustomerTest" name="addCustomerTest" time="4.727"/>
</testsuite> <!-- testcases.AddCustomerTest -->
