<?xml version="1.0" encoding="UTF-8"?>
<!-- Generated by org.testng.reporters.JUnitReportReporter -->
<testsuite hostname="DESKTOP-25U3KEB" failures="0" tests="1" name="testcases.RegTest" time="0.004" errors="0" timestamp="02 Dec 2020 16:57:47 GMT" skipped="0">
  <testcase classname="testcases.RegTest" name="doRegUser" time="0.004"/>
</testsuite> <!-- testcases.RegTest -->
