<?xml version="1.0" encoding="UTF-8"?>
<!-- Generated by org.testng.reporters.JUnitReportReporter -->
<testsuite hostname="DESKTOP-25U3KEB" failures="0" tests="4" name="testcases.LoginTest" time="2.025" errors="0" timestamp="02 Dec 2020 17:16:44 GMT" skipped="0">
  <testcase classname="testcases.LoginTest" name="doLogin" time="0.375"/>
  <testcase classname="testcases.LoginTest" name="doLogin" time="0.714"/>
  <testcase classname="testcases.LoginTest" name="doLogin" time="0.392"/>
  <testcase classname="testcases.LoginTest" name="doLogin" time="0.544"/>
</testsuite> <!-- testcases.LoginTest -->
